{"numTotalTestSuites":16,"numPassedTestSuites":16,"numFailedTestSuites":0,"numPendingTestSuites":0,"numTotalTests":30,"numPassedTests":30,"numFailedTests":0,"numPendingTests":0,"numTodoTests":0,"snapshot":{"added":0,"failure":false,"filesAdded":0,"filesRemoved":0,"filesRemovedList":[],"filesUnmatched":0,"filesUpdated":0,"matched":0,"total":0,"unchecked":0,"uncheckedKeysByFile":[],"unmatched":0,"updated":0,"didUpdate":false},"startTime":1784919439028,"success":true,"testResults":[{"assertionResults":[{"ancestorTitles":["application perimeter"],"fullName":"application perimeter keeps the health endpoint outside the submission rate limit","status":"passed","title":"keeps the health endpoint outside the submission rate limit","duration":18.176499999999805,"failureMessages":[],"meta":{},"tags":[]},{"ancestorTitles":["application perimeter"],"fullName":"application perimeter limits repeated complaint submissions","status":"passed","title":"limits repeated complaint submissions","duration":30.35609999999997,"failureMessages":[],"meta":{},"tags":[]},{"ancestorTitles":["application perimeter"],"fullName":"application perimeter allows only the configured frontend origin in production","status":"passed","title":"allows only the configured frontend origin in production","duration":5.479399999999941,"failureMessages":[],"meta":{},"tags":[]},{"ancestorTitles":["application perimeter"],"fullName":"application perimeter keeps Swagger disabled by default in production","status":"passed","title":"keeps Swagger disabled by default in production","duration":2.8396999999999935,"failureMessages":[],"meta":{},"tags":[]},{"ancestorTitles":["application perimeter"],"fullName":"application perimeter allows an explicit Swagger opt-in in production","status":"passed","title":"allows an explicit Swagger opt-in in production","duration":4.487300000000005,"failureMessages":[],"meta":{},"tags":[]},{"ancestorTitles":["application perimeter"],"fullName":"application perimeter refuses to start production without required configuration","status":"passed","title":"refuses to start production without required configuration","duration":0.9821999999999207,"failureMessages":[],"meta":{},"tags":[]},{"ancestorTitles":["application perimeter"],"fullName":"application perimeter starts production with the shared rate limit store","status":"passed","title":"starts production with the shared rate limit store","duration":2.110800000000154,"failureMessages":[],"meta":{},"tags":[]}],"startTime":1784919440762,"endTime":1784919440826.1108,"status":"passed","message":"","name":"F:/ProjetosMPT/denuncias/cidadania-canal-denuncias/server/index.spec.mjs"},{"assertionResults":[{"ancestorTitles":["secure upload integration"],"fullName":"secure upload integration scans and forwards a clean attachment through the real backend endpoint","status":"passed","title":"scans and forwards a clean attachment through the real backend endpoint","duration":35.073900000000094,"failureMessages":[],"meta":{},"tags":[]}],"startTime":1784919440759,"endTime":1784919440794.074,"status":"passed","message":"","name":"F:/ProjetosMPT/denuncias/cidadania-canal-denuncias/server/secure-upload.integration.spec.mjs"},{"assertionResults":[{"ancestorTitles":["ClamAV client"],"fullName":"ClamAV client streams a clean file using the official INSTREAM framing","status":"passed","title":"streams a clean file using the official INSTREAM framing","duration":22.889399999999995,"failureMessages":[],"meta":{},"tags":[]},{"ancestorTitles":["ClamAV client"],"fullName":"ClamAV client rejects a file when ClamAV reports a threat","status":"passed","title":"rejects a file when ClamAV reports a threat","duration":5.658800000000014,"failureMessages":[],"meta":{},"tags":[]},{"ancestorTitles":["ClamAV client"],"fullName":"ClamAV client fails closed when the scanner is not configured","status":"passed","title":"fails closed when the scanner is not configured","duration":0.3072999999999979,"failureMessages":[],"meta":{},"tags":[]}],"startTime":1784919439253,"endTime":1784919439282.3074,"status":"passed","message":"","name":"F:/ProjetosMPT/denuncias/cidadania-canal-denuncias/server/clients/clamav.client.spec.mjs"},{"assertionResults":[{"ancestorTitles":["mpt-api client"],"fullName":"mpt-api client rejects the request when the API URL is not configured","status":"passed","title":"rejects the request when the API URL is not configured","duration":2.3011000000000195,"failureMessages":[],"meta":{},"tags":[]},{"ancestorTitles":["mpt-api client"],"fullName":"mpt-api client sends the complaint as multipart with the configured timeout","status":"passed","title":"sends the complaint as multipart with the configured timeout","duration":1.7291999999999916,"failureMessages":[],"meta":{},"tags":[]},{"ancestorTitles":["mpt-api client"],"fullName":"mpt-api client forwards authentication and attachments to the MPT API","status":"passed","title":"forwards authentication and attachments to the MPT API","duration":1.0024000000000228,"failureMessages":[],"meta":{},"tags":[]}],"startTime":1784919439578,"endTime":1784919439583.0024,"status":"passed","message":"","name":"F:/ProjetosMPT/denuncias/cidadania-canal-denuncias/server/clients/mpt-api.client.spec.mjs"},{"assertionResults":[{"ancestorTitles":["receberDenuncia"],"fullName":"receberDenuncia returns 400 when the complaint field is not valid JSON","status":"passed","title":"returns 400 when the complaint field is not valid JSON","duration":3.334899999999948,"failureMessages":[],"meta":{},"tags":[]},{"ancestorTitles":["receberDenuncia"],"fullName":"receberDenuncia returns 422 when required complaint data is missing","status":"passed","title":"returns 422 when required complaint data is missing","duration":0.6517999999999802,"failureMessages":[],"meta":{},"tags":[]},{"ancestorTitles":["receberDenuncia"],"fullName":"receberDenuncia returns 201 after the internal MPT API accepts the complaint","status":"passed","title":"returns 201 after the internal MPT API accepts the complaint","duration":2.067100000000096,"failureMessages":[],"meta":{},"tags":[]},{"ancestorTitles":["receberDenuncia"],"fullName":"receberDenuncia returns 502 without a success response when the internal MPT API fails","status":"passed","title":"returns 502 without a success response when the internal MPT API fails","duration":0.7431000000000267,"failureMessages":[],"meta":{},"tags":[]},{"ancestorTitles":["receberDenuncia"],"fullName":"receberDenuncia returns 503 without a success response when MPT_API_URL is absent","status":"passed","title":"returns 503 without a success response when MPT_API_URL is absent","duration":0.5090000000000146,"failureMessages":[],"meta":{},"tags":[]},{"ancestorTitles":["receberDenuncia"],"fullName":"receberDenuncia rejects an attachment when the antimalware scanner reports a threat","status":"passed","title":"rejects an attachment when the antimalware scanner reports a threat","duration":0.56350000000009,"failureMessages":[],"meta":{},"tags":[]},{"ancestorTitles":["receberDenuncia"],"fullName":"receberDenuncia fails closed when attachment scanning is unavailable","status":"passed","title":"fails closed when attachment scanning is unavailable","duration":0.47919999999999163,"failureMessages":[],"meta":{},"tags":[]}],"startTime":1784919439715,"endTime":1784919439723.5635,"status":"passed","message":"","name":"F:/ProjetosMPT/denuncias/cidadania-canal-denuncias/server/controllers/complaint.controller.spec.mjs"},{"assertionResults":[{"ancestorTitles":["Redis rate limit store"],"fullName":"Redis rate limit store uses the in-memory store outside production when Redis is not configured","status":"passed","title":"uses the in-memory store outside production when Redis is not configured","duration":1.4133999999999105,"failureMessages":[],"meta":{},"tags":[]},{"ancestorTitles":["Redis rate limit store"],"fullName":"Redis rate limit store connects the external store using the configured URL and prefix","status":"passed","title":"connects the external store using the configured URL and prefix","duration":2.1948000000001002,"failureMessages":[],"meta":{},"tags":[]}],"startTime":1784919439797,"endTime":1784919439800.1948,"status":"passed","message":"","name":"F:/ProjetosMPT/denuncias/cidadania-canal-denuncias/server/infrastructure/redis-rate-limit-store.spec.mjs"},{"assertionResults":[{"ancestorTitles":["upload middleware"],"fullName":"upload middleware stores attachments outside memory and removes the temporary file","status":"passed","title":"stores attachments outside memory and removes the temporary file","duration":19.680200000000013,"failureMessages":[],"meta":{},"tags":[]}],"startTime":1784919439858,"endTime":1784919439877.6802,"status":"passed","message":"","name":"F:/ProjetosMPT/denuncias/cidadania-canal-denuncias/server/middleware/upload.spec.mjs"},{"assertionResults":[{"ancestorTitles":["complaint service"],"fullName":"complaint service generates a protocol with the expected format","status":"passed","title":"generates a protocol with the expected format","duration":1.095899999999972,"failureMessages":[],"meta":{},"tags":[]},{"ancestorTitles":["complaint service"],"fullName":"complaint service allows deterministic protocol generation in tests","status":"passed","title":"allows deterministic protocol generation in tests","duration":0.23349999999999227,"failureMessages":[],"meta":{},"tags":[]},{"ancestorTitles":["complaint service"],"fullName":"complaint service accepts a complete complaint","status":"passed","title":"accepts a complete complaint","duration":0.41859999999999786,"failureMessages":[],"meta":{},"tags":[]},{"ancestorTitles":["complaint service"],"fullName":"complaint service reports missing location and complaint description","status":"passed","title":"reports missing location and complaint description","duration":0.1758000000000095,"failureMessages":[],"meta":{},"tags":[]},{"ancestorTitles":["complaint service"],"fullName":"complaint service accepts a written report when no irregularity type is selected","status":"passed","title":"accepts a written report when no irregularity type is selected","duration":0.10900000000000887,"failureMessages":[],"meta":{},"tags":[]},{"ancestorTitles":["complaint service"],"fullName":"complaint service builds the integration payload and derives confidentiality","status":"passed","title":"builds the integration payload and derives confidentiality","duration":0.21760000000000446,"failureMessages":[],"meta":{},"tags":[]}],"startTime":1784919439253,"endTime":1784919439255.2175,"status":"passed","message":"","name":"F:/ProjetosMPT/denuncias/cidadania-canal-denuncias/server/services/complaint.service.spec.mjs"}]}